This file contains any messages produced by compilers while
running configure, to aid debugging if configure makes a mistake.

It was created by configure, which was
generated by GNU Autoconf 2.59.  Invocation command line was

  $ /home/hans/develop/rdsdevel/librds/configure 

## --------- ##
## Platform. ##
## --------- ##

hostname = bluebox
uname -m = i686
uname -r = 2.6.11-rc3
uname -s = Linux
uname -v = #4 Sun Feb 6 21:44:16 CET 2005

/usr/bin/uname -p = unknown
/bin/uname -X     = unknown

/bin/arch              = i686
/usr/bin/arch -k       = unknown
/usr/convex/getsysinfo = unknown
hostinfo               = unknown
/bin/machine           = unknown
/usr/bin/oslevel       = unknown
/bin/universe          = unknown

PATH: /usr/local/bin
PATH: /usr/bin
PATH: /bin
PATH: /usr/X11R6/bin
PATH: /usr/games


## ----------- ##
## Core tests. ##
## ----------- ##

configure:1540: checking for a BSD-compatible install
configure:1595: result: /usr/bin/install -c
configure:1606: checking whether build environment is sane
configure:1649: result: yes
configure:1664: checking whether make sets $(MAKE)
configure:1684: result: yes
configure:1716: checking for working aclocal-1.4
configure:1723: result: found
configure:1731: checking for working autoconf
configure:1738: result: found
configure:1746: checking for working automake-1.4
configure:1753: result: found
configure:1761: checking for working autoheader
configure:1768: result: found
configure:1776: checking for working makeinfo
configure:1783: result: found
configure:1851: checking for g++
configure:1867: found /usr/bin/g++
configure:1877: result: g++
configure:1893: checking for C++ compiler version
configure:1896: g++ --version </dev/null >&5
g++.real (GCC) 3.3.3 (Debian 20040321)
Copyright (C) 2003 Free Software Foundation, Inc.
This is free software; see the source for copying conditions.  There is NO
warranty; not even for MERCHANTABILITY or FITNESS FOR A PARTICULAR PURPOSE.

configure:1899: $? = 0
configure:1901: g++ -v </dev/null >&5
Reading specs from /usr/lib/gcc-lib/i486-linux/3.3.3/specs
Configured with: ../src/configure -v --enable-languages=c,c++,java,f77,pascal,objc,ada,treelang --prefix=/usr --mandir=/usr/share/man --infodir=/usr/share/info --with-gxx-include-dir=/usr/include/c++/3.3 --enable-shared --with-system-zlib --enable-nls --without-included-gettext --enable-__cxa_atexit --enable-clocale=gnu --enable-debug --enable-java-gc=boehm --enable-java-awt=xlib,gtk --enable-objc-gc i486-linux
Thread model: posix
gcc version 3.3.3 (Debian 20040321)
configure:1904: $? = 0
configure:1906: g++ -V </dev/null >&5
g++.real: `-V' option must have argument
configure:1909: $? = 1
configure:1932: checking for C++ compiler default output file name
configure:1935: g++ -Wall -fPIC  -shared -Wl,-soname,librds.so.1 -o librds.so.1.0.1 conftest.cc  >&5
configure:1938: $? = 0
configure:1984: result: b.out
configure:1989: checking whether the C++ compiler works
configure:1995: ./b.out
/home/hans/develop/rdsdevel/librds/configure: line 1: ./b.out: No such file or directory
configure:1998: $? = 127
configure:2007: error: cannot run C++ compiled programs.
If you meant to cross compile, use `--host'.
See `config.log' for more details.

## ---------------- ##
## Cache variables. ##
## ---------------- ##

ac_cv_env_CC_set=
ac_cv_env_CC_value=
ac_cv_env_CFLAGS_set=
ac_cv_env_CFLAGS_value=
ac_cv_env_CPPFLAGS_set=
ac_cv_env_CPPFLAGS_value=
ac_cv_env_CPP_set=
ac_cv_env_CPP_value=
ac_cv_env_CXXCPP_set=
ac_cv_env_CXXCPP_value=
ac_cv_env_CXXFLAGS_set=set
ac_cv_env_CXXFLAGS_value='-Wall -fPIC'
ac_cv_env_CXX_set=
ac_cv_env_CXX_value=
ac_cv_env_F77_set=
ac_cv_env_F77_value=
ac_cv_env_FFLAGS_set=
ac_cv_env_FFLAGS_value=
ac_cv_env_LDFLAGS_set=set
ac_cv_env_LDFLAGS_value='-shared -Wl,-soname,librds.so.1 -o librds.so.1.0.1'
ac_cv_env_build_alias_set=
ac_cv_env_build_alias_value=
ac_cv_env_host_alias_set=
ac_cv_env_host_alias_value=
ac_cv_env_target_alias_set=
ac_cv_env_target_alias_value=
ac_cv_exeext=
ac_cv_path_install='/usr/bin/install -c'
ac_cv_prog_ac_ct_CXX=g++
ac_cv_prog_make_make_set=yes

## ----------------- ##
## Output variables. ##
## ----------------- ##

ACLOCAL='aclocal-1.4'
AR=''
AUTOCONF='autoconf'
AUTOHEADER='autoheader'
AUTOMAKE='automake-1.4'
CC=''
CFLAGS=''
CPP=''
CPPFLAGS=''
CXX='g++'
CXXCPP=''
CXXFLAGS='-Wall -fPIC'
DEFS=''
ECHO='echo'
ECHO_C=''
ECHO_N='-n'
ECHO_T=''
EGREP=''
EXEEXT=''
F77=''
FFLAGS=''
INSTALL_DATA='${INSTALL} -m 644'
INSTALL_PROGRAM='${INSTALL}'
INSTALL_SCRIPT='${INSTALL}'
LDFLAGS='-shared -Wl,-soname,librds.so.1 -o librds.so.1.0.1'
LIBOBJS=''
LIBS=''
LIBTOOL=''
LN_S=''
LTLIBOBJS=''
MAKEINFO='makeinfo'
OBJEXT=''
PACKAGE='librds'
PACKAGE_BUGREPORT=''
PACKAGE_NAME=''
PACKAGE_STRING=''
PACKAGE_TARNAME=''
PACKAGE_VERSION=''
PATH_SEPARATOR=':'
RANLIB=''
SET_MAKE=''
SHELL='/bin/sh'
STRIP=''
VERSION='0.1'
ac_ct_AR=''
ac_ct_CC=''
ac_ct_CXX='g++'
ac_ct_F77=''
ac_ct_RANLIB=''
ac_ct_STRIP=''
bindir='${exec_prefix}/bin'
build=''
build_alias=''
build_cpu=''
build_os=''
build_vendor=''
datadir='${prefix}/share'
exec_prefix='NONE'
host=''
host_alias=''
host_cpu=''
host_os=''
host_vendor=''
includedir='${prefix}/include'
infodir='${prefix}/info'
libdir='${exec_prefix}/lib'
libexecdir='${exec_prefix}/libexec'
localstatedir='${prefix}/var'
mandir='${prefix}/man'
oldincludedir='/usr/include'
prefix='NONE'
program_transform_name='s,x,x,'
sbindir='${exec_prefix}/sbin'
sharedstatedir='${prefix}/com'
sysconfdir='${prefix}/etc'
target_alias=''

## ----------- ##
## confdefs.h. ##
## ----------- ##

#define PACKAGE "librds"
#define PACKAGE_BUGREPORT ""
#define PACKAGE_NAME ""
#define PACKAGE_STRING ""
#define PACKAGE_TARNAME ""
#define PACKAGE_VERSION ""
#define VERSION "0.1"

configure: exit 1
